<?xml version="1.0" encoding="UTF-8"?>
<!-- Generated by org.testng.reporters.JUnitReportReporter -->
<testsuite hostname="cucumber" failures="0" tests="8" name="CURD.gitHubFunctions" time="4.706" errors="0" timestamp="2024-03-20T23:42:05 EDT" skipped="0">
  <testcase classname="CURD.gitHubFunctions" name="validateCreateRepo" time="2.505"/>
  <system-out/>
  <testcase classname="CURD.gitHubFunctions" name="validateCreateRepoExistingName" time="0.249"/>
  <system-out/>
  <testcase classname="CURD.gitHubFunctions" name="validateSingleRepoInGetData" time="0.297"/>
  <system-out/>
  <testcase classname="CURD.gitHubFunctions" name="validateSingleRepoWithNonExistingRepoNameInGetData" time="0.214"/>
  <system-out/>
  <testcase classname="CURD.gitHubFunctions" name="validateGetAllRepoInGetData" time="0.355"/>
  <system-out/>
  <testcase classname="CURD.gitHubFunctions" name="validateUpdateRepo" time="0.505"/>
  <system-out/>
  <testcase classname="CURD.gitHubFunctions" name="deleteRepo" time="0.380"/>
  <system-out/>
  <testcase classname="CURD.gitHubFunctions" name="deleteRepoWithNonexistingName" time="0.201"/>
  <system-out/>
</testsuite> <!-- CURD.gitHubFunctions -->
